#! /usr/bin/vvp
:ivl_version "12.0 (stable)" "(v12_0-dirty)";
:ivl_delay_selection "TYPICAL";
:vpi_time_precision + 0;
:vpi_module "/usr/lib/ivl/system.vpi";
:vpi_module "/usr/lib/ivl/vhdl_sys.vpi";
:vpi_module "/usr/lib/ivl/vhdl_textio.vpi";
:vpi_module "/usr/lib/ivl/v2005_math.vpi";
:vpi_module "/usr/lib/ivl/va_math.vpi";
S_0x5cc537170e40 .scope module, "main" "main" 2 1;
 .timescale 0 0;
    .port_info 0 /INPUT 1 "CLOCK_50";
    .port_info 1 /INPUT 4 "KEY";
    .port_info 2 /INPUT 8 "SW";
    .port_info 3 /OUTPUT 1 "VGA_CLK";
    .port_info 4 /OUTPUT 8 "VGA_R";
    .port_info 5 /OUTPUT 8 "VGA_G";
    .port_info 6 /OUTPUT 8 "VGA_B";
    .port_info 7 /OUTPUT 1 "VGA_SYNC_N";
    .port_info 8 /OUTPUT 1 "VGA_BLANK_N";
    .port_info 9 /OUTPUT 1 "VGA_HS";
    .port_info 10 /OUTPUT 1 "VGA_VS";
o0x72351efe3018 .functor BUFZ 1, C4<z>; HiZ drive
v0x5cc53717f4f0_0 .net "CLOCK_50", 0 0, o0x72351efe3018;  0 drivers
o0x72351efe3048 .functor BUFZ 4, C4<zzzz>; HiZ drive
v0x5cc53717f180_0 .net "KEY", 3 0, o0x72351efe3048;  0 drivers
o0x72351efe3078 .functor BUFZ 8, C4<zzzzzzzz>; HiZ drive
v0x5cc53717ee30_0 .net "SW", 7 0, o0x72351efe3078;  0 drivers
o0x72351efe30a8 .functor BUFZ 8, C4<zzzzzzzz>; HiZ drive
v0x5cc53717eb10_0 .net "VGA_B", 7 0, o0x72351efe30a8;  0 drivers
o0x72351efe30d8 .functor BUFZ 1, C4<z>; HiZ drive
v0x5cc53717fea0_0 .net "VGA_BLANK_N", 0 0, o0x72351efe30d8;  0 drivers
o0x72351efe3108 .functor BUFZ 1, C4<z>; HiZ drive
v0x5cc53717fb50_0 .net "VGA_CLK", 0 0, o0x72351efe3108;  0 drivers
o0x72351efe3138 .functor BUFZ 8, C4<zzzzzzzz>; HiZ drive
v0x5cc53717f800_0 .net "VGA_G", 7 0, o0x72351efe3138;  0 drivers
o0x72351efe3168 .functor BUFZ 1, C4<z>; HiZ drive
v0x5cc5371a0dc0_0 .net "VGA_HS", 0 0, o0x72351efe3168;  0 drivers
o0x72351efe3198 .functor BUFZ 8, C4<zzzzzzzz>; HiZ drive
v0x5cc5371a0e80_0 .net "VGA_R", 7 0, o0x72351efe3198;  0 drivers
o0x72351efe31c8 .functor BUFZ 1, C4<z>; HiZ drive
v0x5cc5371a0f60_0 .net "VGA_SYNC_N", 0 0, o0x72351efe31c8;  0 drivers
o0x72351efe31f8 .functor BUFZ 1, C4<z>; HiZ drive
v0x5cc5371a1020_0 .net "VGA_VS", 0 0, o0x72351efe31f8;  0 drivers
S_0x5cc53716fd80 .scope module, "vga" "vga" 3 1;
 .timescale 0 0;
    .port_info 0 /INPUT 1 "CLOCK_50";
    .port_info 1 /INPUT 1 "reset";
    .port_info 2 /INPUT 8 "R";
    .port_info 3 /INPUT 8 "G";
    .port_info 4 /INPUT 8 "B";
    .port_info 5 /OUTPUT 1 "VGA_CLK";
    .port_info 6 /OUTPUT 8 "VGA_R";
    .port_info 7 /OUTPUT 8 "VGA_G";
    .port_info 8 /OUTPUT 8 "VGA_B";
    .port_info 9 /OUTPUT 1 "VGA_SYNC_N";
    .port_info 10 /OUTPUT 1 "VGA_BLANK_N";
    .port_info 11 /OUTPUT 1 "VGA_HS";
    .port_info 12 /OUTPUT 1 "VGA_VS";
    .port_info 13 /OUTPUT 10 "x";
    .port_info 14 /OUTPUT 10 "y";
P_0x5cc537179dc0 .param/l "HTA" 0 3 37, C4<0001100000>;
P_0x5cc537179e00 .param/l "HTB" 0 3 38, C4<0010010000>;
P_0x5cc537179e40 .param/l "HTC" 0 3 39, C4<1100010000>;
P_0x5cc537179e80 .param/l "HTD" 0 3 40, C4<1100100000>;
P_0x5cc537179ec0 .param/l "VTA" 0 3 33, C4<0000000010>;
P_0x5cc537179f00 .param/l "VTB" 0 3 34, C4<0000100011>;
P_0x5cc537179f40 .param/l "VTC" 0 3 35, C4<1000000011>;
P_0x5cc537179f80 .param/l "VTD" 0 3 36, C4<1000001101>;
L_0x5cc5371a3f10 .functor BUFZ 1, v0x5cc5371a3a30_0, C4<0>, C4<0>, C4<0>;
L_0x5cc5371b49f0 .functor AND 1, L_0x5cc5371b47c0, L_0x5cc5371b48b0, C4<1>, C4<1>;
L_0x5cc5371b4c40 .functor AND 1, L_0x5cc5371b49f0, L_0x5cc5371b4b00, C4<1>, C4<1>;
L_0x5cc5371b4ea0 .functor AND 1, L_0x5cc5371b4c40, L_0x5cc5371b4d50, C4<1>, C4<1>;
o0x72351efe3438 .functor BUFZ 8, C4<zzzzzzzz>; HiZ drive
v0x5cc5371a1300_0 .net "B", 7 0, o0x72351efe3438;  0 drivers
o0x72351efe3468 .functor BUFZ 1, C4<z>; HiZ drive
v0x5cc5371a1400_0 .net "CLOCK_50", 0 0, o0x72351efe3468;  0 drivers
o0x72351efe3498 .functor BUFZ 8, C4<zzzzzzzz>; HiZ drive
v0x5cc5371a14c0_0 .net "G", 7 0, o0x72351efe3498;  0 drivers
o0x72351efe34c8 .functor BUFZ 8, C4<zzzzzzzz>; HiZ drive
v0x5cc5371a1580_0 .net "R", 7 0, o0x72351efe34c8;  0 drivers
v0x5cc5371a1660_0 .net "VGA_B", 7 0, L_0x5cc5371b5530;  1 drivers
L_0x72351ef9a018 .functor BUFT 1, C4<1>, C4<0>, C4<0>, C4<0>;
v0x5cc5371a1740_0 .net "VGA_BLANK_N", 0 0, L_0x72351ef9a018;  1 drivers
v0x5cc5371a1800_0 .net "VGA_CLK", 0 0, L_0x5cc5371a3f10;  1 drivers
v0x5cc5371a18c0_0 .net "VGA_G", 7 0, L_0x5cc5371b53c0;  1 drivers
v0x5cc5371a19a0_0 .net "VGA_HS", 0 0, L_0x5cc5371b4290;  1 drivers
v0x5cc5371a1af0_0 .net "VGA_R", 7 0, L_0x5cc5371b5280;  1 drivers
L_0x72351ef9a060 .functor BUFT 1, C4<1>, C4<0>, C4<0>, C4<0>;
v0x5cc5371a1bd0_0 .net "VGA_SYNC_N", 0 0, L_0x72351ef9a060;  1 drivers
v0x5cc5371a1c90_0 .net "VGA_VS", 0 0, L_0x5cc5371b4690;  1 drivers
L_0x72351ef9a0f0 .functor BUFT 1, C4<00>, C4<0>, C4<0>, C4<0>;
v0x5cc5371a1d50_0 .net/2s *"_ivl_10", 1 0, L_0x72351ef9a0f0;  1 drivers
L_0x72351ef9a138 .functor BUFT 1, C4<01>, C4<0>, C4<0>, C4<0>;
v0x5cc5371a1e30_0 .net/2s *"_ivl_12", 1 0, L_0x72351ef9a138;  1 drivers
v0x5cc5371a1f10_0 .net *"_ivl_14", 1 0, L_0x5cc5371b4100;  1 drivers
L_0x72351ef9a180 .functor BUFT 1, C4<00000000010>, C4<0>, C4<0>, C4<0>;
v0x5cc5371a1ff0_0 .net/2u *"_ivl_18", 10 0, L_0x72351ef9a180;  1 drivers
v0x5cc5371a20d0_0 .net *"_ivl_20", 0 0, L_0x5cc5371b4380;  1 drivers
L_0x72351ef9a1c8 .functor BUFT 1, C4<00>, C4<0>, C4<0>, C4<0>;
v0x5cc5371a22a0_0 .net/2s *"_ivl_22", 1 0, L_0x72351ef9a1c8;  1 drivers
L_0x72351ef9a210 .functor BUFT 1, C4<01>, C4<0>, C4<0>, C4<0>;
v0x5cc5371a2380_0 .net/2s *"_ivl_24", 1 0, L_0x72351ef9a210;  1 drivers
v0x5cc5371a2460_0 .net *"_ivl_26", 1 0, L_0x5cc5371b44d0;  1 drivers
L_0x72351ef9a258 .functor BUFT 1, C4<00010010000>, C4<0>, C4<0>, C4<0>;
v0x5cc5371a2540_0 .net/2u *"_ivl_30", 10 0, L_0x72351ef9a258;  1 drivers
v0x5cc5371a2620_0 .net *"_ivl_32", 0 0, L_0x5cc5371b47c0;  1 drivers
L_0x72351ef9a2a0 .functor BUFT 1, C4<01100010000>, C4<0>, C4<0>, C4<0>;
v0x5cc5371a26e0_0 .net/2u *"_ivl_34", 10 0, L_0x72351ef9a2a0;  1 drivers
v0x5cc5371a27c0_0 .net *"_ivl_36", 0 0, L_0x5cc5371b48b0;  1 drivers
v0x5cc5371a2880_0 .net *"_ivl_39", 0 0, L_0x5cc5371b49f0;  1 drivers
L_0x72351ef9a2e8 .functor BUFT 1, C4<00000100011>, C4<0>, C4<0>, C4<0>;
v0x5cc5371a2940_0 .net/2u *"_ivl_40", 10 0, L_0x72351ef9a2e8;  1 drivers
v0x5cc5371a2a20_0 .net *"_ivl_42", 0 0, L_0x5cc5371b4b00;  1 drivers
v0x5cc5371a2ae0_0 .net *"_ivl_45", 0 0, L_0x5cc5371b4c40;  1 drivers
L_0x72351ef9a330 .functor BUFT 1, C4<01000001101>, C4<0>, C4<0>, C4<0>;
v0x5cc5371a2ba0_0 .net/2u *"_ivl_46", 10 0, L_0x72351ef9a330;  1 drivers
v0x5cc5371a2c80_0 .net *"_ivl_48", 0 0, L_0x5cc5371b4d50;  1 drivers
v0x5cc5371a2d40_0 .net *"_ivl_51", 0 0, L_0x5cc5371b4ea0;  1 drivers
L_0x72351ef9a378 .functor BUFT 1, C4<01>, C4<0>, C4<0>, C4<0>;
v0x5cc5371a2e00_0 .net/2s *"_ivl_52", 1 0, L_0x72351ef9a378;  1 drivers
L_0x72351ef9a3c0 .functor BUFT 1, C4<00>, C4<0>, C4<0>, C4<0>;
v0x5cc5371a2ee0_0 .net/2s *"_ivl_54", 1 0, L_0x72351ef9a3c0;  1 drivers
v0x5cc5371a31d0_0 .net *"_ivl_56", 1 0, L_0x5cc5371b4f90;  1 drivers
L_0x72351ef9a0a8 .functor BUFT 1, C4<00001100000>, C4<0>, C4<0>, C4<0>;
v0x5cc5371a32b0_0 .net/2u *"_ivl_6", 10 0, L_0x72351ef9a0a8;  1 drivers
L_0x72351ef9a408 .functor BUFT 1, C4<00000000>, C4<0>, C4<0>, C4<0>;
v0x5cc5371a3390_0 .net/2u *"_ivl_60", 7 0, L_0x72351ef9a408;  1 drivers
L_0x72351ef9a450 .functor BUFT 1, C4<00000000>, C4<0>, C4<0>, C4<0>;
v0x5cc5371a3470_0 .net/2u *"_ivl_64", 7 0, L_0x72351ef9a450;  1 drivers
L_0x72351ef9a498 .functor BUFT 1, C4<00000000>, C4<0>, C4<0>, C4<0>;
v0x5cc5371a3550_0 .net/2u *"_ivl_68", 7 0, L_0x72351ef9a498;  1 drivers
v0x5cc5371a3630_0 .net *"_ivl_8", 0 0, L_0x5cc5371b3fb0;  1 drivers
v0x5cc5371a36f0_0 .net "active_display", 0 0, L_0x5cc5371b5120;  1 drivers
v0x5cc5371a37b0_0 .var "hcounter", 10 0;
o0x72351efe3be8 .functor BUFZ 1, C4<z>; HiZ drive
v0x5cc5371a3890_0 .net "reset", 0 0, o0x72351efe3be8;  0 drivers
v0x5cc5371a3950_0 .var "vcounter", 10 0;
v0x5cc5371a3a30_0 .var "vga_clk_aux", 0 0;
v0x5cc5371a3af0_0 .var "x", 9 0;
v0x5cc5371a3bd0_0 .var "y", 9 0;
E_0x5cc537179ad0 .event posedge, v0x5cc5371a1800_0;
E_0x5cc537179c90 .event posedge, v0x5cc5371a1400_0;
L_0x5cc5371b3fb0 .cmp/gt 11, L_0x72351ef9a0a8, v0x5cc5371a37b0_0;
L_0x5cc5371b4100 .functor MUXZ 2, L_0x72351ef9a138, L_0x72351ef9a0f0, L_0x5cc5371b3fb0, C4<>;
L_0x5cc5371b4290 .part L_0x5cc5371b4100, 0, 1;
L_0x5cc5371b4380 .cmp/gt 11, L_0x72351ef9a180, v0x5cc5371a3950_0;
L_0x5cc5371b44d0 .functor MUXZ 2, L_0x72351ef9a210, L_0x72351ef9a1c8, L_0x5cc5371b4380, C4<>;
L_0x5cc5371b4690 .part L_0x5cc5371b44d0, 0, 1;
L_0x5cc5371b47c0 .cmp/ge 11, v0x5cc5371a37b0_0, L_0x72351ef9a258;
L_0x5cc5371b48b0 .cmp/gt 11, L_0x72351ef9a2a0, v0x5cc5371a37b0_0;
L_0x5cc5371b4b00 .cmp/ge 11, v0x5cc5371a3950_0, L_0x72351ef9a2e8;
L_0x5cc5371b4d50 .cmp/gt 11, L_0x72351ef9a330, v0x5cc5371a3950_0;
L_0x5cc5371b4f90 .functor MUXZ 2, L_0x72351ef9a3c0, L_0x72351ef9a378, L_0x5cc5371b4ea0, C4<>;
L_0x5cc5371b5120 .part L_0x5cc5371b4f90, 0, 1;
L_0x5cc5371b5280 .functor MUXZ 8, L_0x72351ef9a408, o0x72351efe34c8, L_0x5cc5371b5120, C4<>;
L_0x5cc5371b53c0 .functor MUXZ 8, L_0x72351ef9a450, o0x72351efe3498, L_0x5cc5371b5120, C4<>;
L_0x5cc5371b5530 .functor MUXZ 8, L_0x72351ef9a498, o0x72351efe3438, L_0x5cc5371b5120, C4<>;
    .scope S_0x5cc53716fd80;
T_0 ;
    %pushi/vec4 0, 0, 11;
    %store/vec4 v0x5cc5371a37b0_0, 0, 11;
    %pushi/vec4 0, 0, 11;
    %store/vec4 v0x5cc5371a3950_0, 0, 11;
    %pushi/vec4 0, 0, 1;
    %store/vec4 v0x5cc5371a3a30_0, 0, 1;
    %end;
    .thread T_0;
    .scope S_0x5cc53716fd80;
T_1 ;
    %wait E_0x5cc537179c90;
    %load/vec4 v0x5cc5371a3a30_0;
    %nor/r;
    %store/vec4 v0x5cc5371a3a30_0, 0, 1;
    %jmp T_1;
    .thread T_1;
    .scope S_0x5cc53716fd80;
T_2 ;
    %wait E_0x5cc537179ad0;
    %load/vec4 v0x5cc5371a3890_0;
    %pad/u 32;
    %cmpi/e 0, 0, 32;
    %jmp/0xz  T_2.0, 4;
    %pushi/vec4 0, 0, 11;
    %store/vec4 v0x5cc5371a37b0_0, 0, 11;
    %pushi/vec4 0, 0, 11;
    %store/vec4 v0x5cc5371a3950_0, 0, 11;
    %jmp T_2.1;
T_2.0 ;
    %load/vec4 v0x5cc5371a37b0_0;
    %addi 1, 0, 11;
    %store/vec4 v0x5cc5371a37b0_0, 0, 11;
    %load/vec4 v0x5cc5371a37b0_0;
    %cmpi/e 800, 0, 11;
    %jmp/0xz  T_2.2, 4;
    %pushi/vec4 0, 0, 11;
    %store/vec4 v0x5cc5371a37b0_0, 0, 11;
    %load/vec4 v0x5cc5371a3950_0;
    %addi 1, 0, 11;
    %store/vec4 v0x5cc5371a3950_0, 0, 11;
    %load/vec4 v0x5cc5371a3950_0;
    %cmpi/e 525, 0, 11;
    %jmp/0xz  T_2.4, 4;
    %pushi/vec4 0, 0, 11;
    %store/vec4 v0x5cc5371a3950_0, 0, 11;
T_2.4 ;
T_2.2 ;
T_2.1 ;
    %load/vec4 v0x5cc5371a37b0_0;
    %cmpi/u 144, 0, 11;
    %flag_inv 5; GE is !LT
    %flag_get/vec4 5;
    %jmp/0 T_2.8, 5;
    %load/vec4 v0x5cc5371a37b0_0;
    %cmpi/u 800, 0, 11;
    %flag_get/vec4 5;
    %and;
T_2.8;
    %flag_set/vec4 8;
    %jmp/0 T_2.6, 8;
    %load/vec4 v0x5cc5371a37b0_0;
    %subi 144, 0, 11;
    %jmp/1 T_2.7, 8;
T_2.6 ; End of true expr.
    %pushi/vec4 2047, 0, 11;
    %jmp/0 T_2.7, 8;
 ; End of false expr.
    %blend;
T_2.7;
    %pad/u 10;
    %store/vec4 v0x5cc5371a3af0_0, 0, 10;
    %load/vec4 v0x5cc5371a3950_0;
    %cmpi/u 35, 0, 11;
    %flag_inv 5; GE is !LT
    %flag_get/vec4 5;
    %jmp/0 T_2.11, 5;
    %load/vec4 v0x5cc5371a3950_0;
    %cmpi/u 525, 0, 11;
    %flag_get/vec4 5;
    %and;
T_2.11;
    %flag_set/vec4 8;
    %jmp/0 T_2.9, 8;
    %load/vec4 v0x5cc5371a3950_0;
    %subi 35, 0, 11;
    %jmp/1 T_2.10, 8;
T_2.9 ; End of true expr.
    %pushi/vec4 2047, 0, 11;
    %jmp/0 T_2.10, 8;
 ; End of false expr.
    %blend;
T_2.10;
    %pad/u 10;
    %store/vec4 v0x5cc5371a3bd0_0, 0, 10;
    %jmp T_2;
    .thread T_2;
# The file index is used to find the file name in the following table.
:file_names 4;
    "N/A";
    "<interactive>";
    "main.v";
    "vga.v";
